<?xml version="1.0" encoding="UTF-8"?>
<testsuite name="model.WallModelTest" tests="10" skipped="0" failures="0" errors="0" timestamp="2021-12-12T22:58:22" hostname="LAPTOP-1L8QVT25" time="0.048">
  <properties/>
  <testcase name="setBallCount()" classname="model.WallModelTest" time="0.022"/>
  <testcase name="isDone()" classname="model.WallModelTest" time="0.002"/>
  <testcase name="setBrickBroken()" classname="model.WallModelTest" time="0.008"/>
  <testcase name="ballEnd()" classname="model.WallModelTest" time="0.0"/>
  <testcase name="getBallCount()" classname="model.WallModelTest" time="0.001"/>
  <testcase name="ballReset()" classname="model.WallModelTest" time="0.002"/>
  <testcase name="getBrickBroken()" classname="model.WallModelTest" time="0.001"/>
  <testcase name="resetBallCount()" classname="model.WallModelTest" time="0.001"/>
  <testcase name="getBrickCount()" classname="model.WallModelTest" time="0.001"/>
  <testcase name="isBallLost()" classname="model.WallModelTest" time="0.001"/>
  <system-out><![CDATA[]]></system-out>
  <system-err><![CDATA[]]></system-err>
</testsuite>
