<?xml version="1.0" encoding="UTF-8"?>
<testsuite name="model.LevelsModelTest" tests="3" skipped="0" failures="0" errors="0" timestamp="2021-12-13T02:51:47" hostname="LAPTOP-1L8QVT25" time="0.041">
  <properties/>
  <testcase name="hasLevel()" classname="model.LevelsModelTest" time="0.023"/>
  <testcase name="nextLevel()" classname="model.LevelsModelTest" time="0.01"/>
  <testcase name="getLevel()" classname="model.LevelsModelTest" time="0.0"/>
  <system-out><![CDATA[]]></system-out>
  <system-err><![CDATA[]]></system-err>
</testsuite>
